<?xml version="1.0" encoding="UTF-8"?>
<testsuite xmlns:xsi="http://www.w3.org/2001/XMLSchema-instance" xsi:noNamespaceSchemaLocation="https://maven.apache.org/surefire/maven-surefire-plugin/xsd/surefire-test-report.xsd" name="com.abstratt.easyalpha.uriql.ParsingTests" time="0.151" tests="7" errors="0" skipped="0" failures="0">
  <properties>
    <property name="sun.desktop" value="gnome"/>
    <property name="awt.toolkit" value="sun.awt.X11.XToolkit"/>
    <property name="file.encoding.pkg" value="sun.io"/>
    <property name="java.specification.version" value="1.8"/>
    <property name="sun.cpu.isalist" value=""/>
    <property name="sun.jnu.encoding" value="UTF-8"/>
    <property name="java.class.path" value="/home/rafael/source/easyalpha-base/easyalpha-uriql/target/test-classes:/home/rafael/source/easyalpha-base/easyalpha-uriql/target/classes:/home/rafael/.m2/repository/org/jetbrains/kotlin/kotlin-stdlib/1.2.21/kotlin-stdlib-1.2.21.jar:/home/rafael/.m2/repository/org/jetbrains/annotations/13.0/annotations-13.0.jar:/home/rafael/.m2/repository/org/jetbrains/kotlin/kotlin-reflect/1.2.21/kotlin-reflect-1.2.21.jar:/home/rafael/.m2/repository/org/antlr/antlr4-runtime/4.7.1/antlr4-runtime-4.7.1.jar:/home/rafael/.m2/repository/org/springframework/data/spring-data-jpa/1.11.8.RELEASE/spring-data-jpa-1.11.8.RELEASE.jar:/home/rafael/.m2/repository/org/springframework/data/spring-data-commons/1.13.8.RELEASE/spring-data-commons-1.13.8.RELEASE.jar:/home/rafael/.m2/repository/org/springframework/spring-orm/4.3.12.RELEASE/spring-orm-4.3.12.RELEASE.jar:/home/rafael/.m2/repository/org/springframework/spring-jdbc/4.3.12.RELEASE/spring-jdbc-4.3.12.RELEASE.jar:/home/rafael/.m2/repository/org/springframework/spring-context/5.0.3.RELEASE/spring-context-5.0.3.RELEASE.jar:/home/rafael/.m2/repository/org/springframework/spring-expression/5.0.3.RELEASE/spring-expression-5.0.3.RELEASE.jar:/home/rafael/.m2/repository/org/springframework/spring-aop/4.3.12.RELEASE/spring-aop-4.3.12.RELEASE.jar:/home/rafael/.m2/repository/org/springframework/spring-tx/4.3.12.RELEASE/spring-tx-4.3.12.RELEASE.jar:/home/rafael/.m2/repository/org/springframework/spring-beans/4.3.12.RELEASE/spring-beans-4.3.12.RELEASE.jar:/home/rafael/.m2/repository/org/springframework/spring-core/5.0.3.RELEASE/spring-core-5.0.3.RELEASE.jar:/home/rafael/.m2/repository/org/springframework/spring-jcl/5.0.3.RELEASE/spring-jcl-5.0.3.RELEASE.jar:/home/rafael/.m2/repository/org/aspectj/aspectjrt/1.8.10/aspectjrt-1.8.10.jar:/home/rafael/.m2/repository/org/slf4j/slf4j-api/1.7.25/slf4j-api-1.7.25.jar:/home/rafael/.m2/repository/org/slf4j/jcl-over-slf4j/1.7.25/jcl-over-slf4j-1.7.25.jar:/home/rafael/.m2/repository/org/hibernate/javax/persistence/hibernate-jpa-2.1-api/1.0.0.Final/hibernate-jpa-2.1-api-1.0.0.Final.jar:/home/rafael/.m2/repository/junit/junit/4.12/junit-4.12.jar:/home/rafael/.m2/repository/org/hamcrest/hamcrest-core/1.3/hamcrest-core-1.3.jar:"/>
    <property name="java.vm.vendor" value="Oracle Corporation"/>
    <property name="sun.arch.data.model" value="64"/>
    <property name="java.vendor.url" value="http://java.oracle.com/"/>
    <property name="user.timezone" value=""/>
    <property name="java.vm.specification.version" value="1.8"/>
    <property name="os.name" value="Linux"/>
    <property name="user.country" value="US"/>
    <property name="sun.java.launcher" value="SUN_STANDARD"/>
    <property name="sun.boot.library.path" value="/home/shared/dev/jdk1.8.0_131/jre/lib/amd64"/>
    <property name="sun.java.command" value="/home/rafael/source/easyalpha-base/easyalpha-uriql/target/surefire/surefirebooter8050301935914653363.jar /home/rafael/source/easyalpha-base/easyalpha-uriql/target/surefire 2018-02-15T13-28-25_303-jvmRun1 surefire1568820493366274699tmp surefire_0219435478964645576tmp"/>
    <property name="surefire.test.class.path" value="/home/rafael/source/easyalpha-base/easyalpha-uriql/target/test-classes:/home/rafael/source/easyalpha-base/easyalpha-uriql/target/classes:/home/rafael/.m2/repository/org/jetbrains/kotlin/kotlin-stdlib/1.2.21/kotlin-stdlib-1.2.21.jar:/home/rafael/.m2/repository/org/jetbrains/annotations/13.0/annotations-13.0.jar:/home/rafael/.m2/repository/org/jetbrains/kotlin/kotlin-reflect/1.2.21/kotlin-reflect-1.2.21.jar:/home/rafael/.m2/repository/org/antlr/antlr4-runtime/4.7.1/antlr4-runtime-4.7.1.jar:/home/rafael/.m2/repository/org/springframework/data/spring-data-jpa/1.11.8.RELEASE/spring-data-jpa-1.11.8.RELEASE.jar:/home/rafael/.m2/repository/org/springframework/data/spring-data-commons/1.13.8.RELEASE/spring-data-commons-1.13.8.RELEASE.jar:/home/rafael/.m2/repository/org/springframework/spring-orm/4.3.12.RELEASE/spring-orm-4.3.12.RELEASE.jar:/home/rafael/.m2/repository/org/springframework/spring-jdbc/4.3.12.RELEASE/spring-jdbc-4.3.12.RELEASE.jar:/home/rafael/.m2/repository/org/springframework/spring-context/5.0.3.RELEASE/spring-context-5.0.3.RELEASE.jar:/home/rafael/.m2/repository/org/springframework/spring-expression/5.0.3.RELEASE/spring-expression-5.0.3.RELEASE.jar:/home/rafael/.m2/repository/org/springframework/spring-aop/4.3.12.RELEASE/spring-aop-4.3.12.RELEASE.jar:/home/rafael/.m2/repository/org/springframework/spring-tx/4.3.12.RELEASE/spring-tx-4.3.12.RELEASE.jar:/home/rafael/.m2/repository/org/springframework/spring-beans/4.3.12.RELEASE/spring-beans-4.3.12.RELEASE.jar:/home/rafael/.m2/repository/org/springframework/spring-core/5.0.3.RELEASE/spring-core-5.0.3.RELEASE.jar:/home/rafael/.m2/repository/org/springframework/spring-jcl/5.0.3.RELEASE/spring-jcl-5.0.3.RELEASE.jar:/home/rafael/.m2/repository/org/aspectj/aspectjrt/1.8.10/aspectjrt-1.8.10.jar:/home/rafael/.m2/repository/org/slf4j/slf4j-api/1.7.25/slf4j-api-1.7.25.jar:/home/rafael/.m2/repository/org/slf4j/jcl-over-slf4j/1.7.25/jcl-over-slf4j-1.7.25.jar:/home/rafael/.m2/repository/org/hibernate/javax/persistence/hibernate-jpa-2.1-api/1.0.0.Final/hibernate-jpa-2.1-api-1.0.0.Final.jar:/home/rafael/.m2/repository/junit/junit/4.12/junit-4.12.jar:/home/rafael/.m2/repository/org/hamcrest/hamcrest-core/1.3/hamcrest-core-1.3.jar:"/>
    <property name="sun.cpu.endian" value="little"/>
    <property name="user.home" value="/home/rafael"/>
    <property name="user.language" value="en"/>
    <property name="java.specification.vendor" value="Oracle Corporation"/>
    <property name="java.home" value="/home/shared/dev/jdk1.8.0_131/jre"/>
    <property name="spring.profiles.active" value="test"/>
    <property name="basedir" value="/home/rafael/source/easyalpha-base/easyalpha-uriql"/>
    <property name="file.separator" value="/"/>
    <property name="line.separator" value="&#10;"/>
    <property name="java.vm.specification.vendor" value="Oracle Corporation"/>
    <property name="java.specification.name" value="Java Platform API Specification"/>
    <property name="java.awt.graphicsenv" value="sun.awt.X11GraphicsEnvironment"/>
    <property name="surefire.real.class.path" value="/home/rafael/source/easyalpha-base/easyalpha-uriql/target/surefire/surefirebooter8050301935914653363.jar"/>
    <property name="sun.boot.class.path" value="/home/shared/dev/jdk1.8.0_131/jre/lib/resources.jar:/home/shared/dev/jdk1.8.0_131/jre/lib/rt.jar:/home/shared/dev/jdk1.8.0_131/jre/lib/sunrsasign.jar:/home/shared/dev/jdk1.8.0_131/jre/lib/jsse.jar:/home/shared/dev/jdk1.8.0_131/jre/lib/jce.jar:/home/shared/dev/jdk1.8.0_131/jre/lib/charsets.jar:/home/shared/dev/jdk1.8.0_131/jre/lib/jfr.jar:/home/shared/dev/jdk1.8.0_131/jre/classes"/>
    <property name="sun.management.compiler" value="HotSpot 64-Bit Tiered Compilers"/>
    <property name="java.runtime.version" value="1.8.0_131-b11"/>
    <property name="user.name" value="rafael"/>
    <property name="path.separator" value=":"/>
    <property name="os.version" value="4.13.0-32-generic"/>
    <property name="java.endorsed.dirs" value="/home/shared/dev/jdk1.8.0_131/jre/lib/endorsed"/>
    <property name="java.runtime.name" value="Java(TM) SE Runtime Environment"/>
    <property name="file.encoding" value="UTF-8"/>
    <property name="java.vm.name" value="Java HotSpot(TM) 64-Bit Server VM"/>
    <property name="localRepository" value="/home/rafael/.m2/repository"/>
    <property name="java.vendor.url.bug" value="http://bugreport.sun.com/bugreport/"/>
    <property name="java.io.tmpdir" value="/tmp"/>
    <property name="java.version" value="1.8.0_131"/>
    <property name="user.dir" value="/home/rafael/source/easyalpha-base/easyalpha-uriql"/>
    <property name="os.arch" value="amd64"/>
    <property name="java.vm.specification.name" value="Java Virtual Machine Specification"/>
    <property name="java.awt.printerjob" value="sun.print.PSPrinterJob"/>
    <property name="sun.os.patch.level" value="unknown"/>
    <property name="java.library.path" value="/usr/java/packages/lib/amd64:/usr/lib64:/lib64:/lib:/usr/lib"/>
    <property name="java.vm.info" value="mixed mode"/>
    <property name="java.vendor" value="Oracle Corporation"/>
    <property name="java.vm.version" value="25.131-b11"/>
    <property name="java.ext.dirs" value="/home/shared/dev/jdk1.8.0_131/jre/lib/ext:/usr/java/packages/lib/ext"/>
    <property name="sun.io.unicode.encoding" value="UnicodeLittle"/>
    <property name="java.class.version" value="52.0"/>
  </properties>
  <testcase name="composite" classname="com.abstratt.easyalpha.uriql.ParsingTests" time="0.084"/>
  <testcase name="composite_parenthesized" classname="com.abstratt.easyalpha.uriql.ParsingTests" time="0.002"/>
  <testcase name="comparison_parenthesized" classname="com.abstratt.easyalpha.uriql.ParsingTests" time="0.002"/>
  <testcase name="comparison" classname="com.abstratt.easyalpha.uriql.ParsingTests" time="0.001"/>
  <testcase name="complex" classname="com.abstratt.easyalpha.uriql.ParsingTests" time="0.001"/>
  <testcase name="invalid" classname="com.abstratt.easyalpha.uriql.ParsingTests" time="0.002"/>
  <testcase name="incomplete_input" classname="com.abstratt.easyalpha.uriql.ParsingTests" time="0.001"/>
</testsuite>